2019-11-01 11:07:25,818 WARN  (ServerService Thread Pool -- 105) deprecation:91 [resolveEntity] - HHH90000012: Recognized obsolete hibernate namespace http://hibernate.sourceforge.net/hibernate-configuration. Use namespace http://www.hibernate.org/dtd/hibernate-configuration instead.  Support for obsolete DTD/XSD namespaces may be removed at any time.
2019-11-01 11:07:52,580 ERROR (ServerService Thread Pool -- 105) PatientChargesBundlesBuilder:440 [build] - hk.org.hkbh.cms.billingengine.patientcharges.factory.builder.PatientChargesBundlesBuilder.build() - this.fileName=/app/billing_engine/patient-charges.properties
java.lang.NumberFormatException: null
	at java.lang.Integer.parseInt(Integer.java:542)
	at java.lang.Integer.parseInt(Integer.java:615)
	at hk.org.hkbh.cms.billingengine.patientcharges.factory.builder.PatientChargesBundlesBuilder.build(PatientChargesBundlesBuilder.java:403)
	at hk.org.hkbh.cms.billingengine.patientcharges.factory.builder.PatientChargesBundlesBuilder.build(PatientChargesBundlesBuilder.java:1)
	at hk.org.hkbh.cms.billingengine.patientcharges.factory.PropertiesFactory.getInstanceOfPatientChargesProperties(PropertiesFactory.java:92)
	at hk.org.hkbh.cms.billingengine.patientcharges.thread.run.Initializer.init(Initializer.java:41)
	at hk.org.hkbh.cms.billingengine.patientcharges.thread.run.Initializer.<init>(Initializer.java:35)
	at hk.org.hkbh.cms.billingengine.web.system.impl.InitializerImpl.start(InitializerImpl.java:33)
	at hk.org.hkbh.cms.billingengine.web.system.impl.InitializerImpl.init(InitializerImpl.java:22)
	at javax.servlet.GenericServlet.init(GenericServlet.java:244)
	at io.undertow.servlet.core.LifecyleInterceptorInvocation.proceed(LifecyleInterceptorInvocation.java:117)
	at org.wildfly.extension.undertow.security.RunAsLifecycleInterceptor.init(RunAsLifecycleInterceptor.java:78)
	at io.undertow.servlet.core.LifecyleInterceptorInvocation.proceed(LifecyleInterceptorInvocation.java:103)
	at io.undertow.servlet.core.ManagedServlet$DefaultInstanceStrategy.start(ManagedServlet.java:300)
	at io.undertow.servlet.core.ManagedServlet.createServlet(ManagedServlet.java:140)
	at io.undertow.servlet.core.DeploymentManagerImpl$2.call(DeploymentManagerImpl.java:584)
	at io.undertow.servlet.core.DeploymentManagerImpl$2.call(DeploymentManagerImpl.java:555)
	at io.undertow.servlet.core.ServletRequestContextThreadSetupAction$1.call(ServletRequestContextThreadSetupAction.java:42)
	at io.undertow.servlet.core.ContextClassLoaderSetupAction$1.call(ContextClassLoaderSetupAction.java:43)
	at org.wildfly.extension.undertow.security.SecurityContextThreadSetupAction.lambda$create$0(SecurityContextThreadSetupAction.java:105)
	at org.wildfly.extension.undertow.deployment.UndertowDeploymentInfoService$UndertowThreadSetupAction.lambda$create$0(UndertowDeploymentInfoService.java:1514)
	at org.wildfly.extension.undertow.deployment.UndertowDeploymentInfoService$UndertowThreadSetupAction.lambda$create$0(UndertowDeploymentInfoService.java:1514)
	at org.wildfly.extension.undertow.deployment.UndertowDeploymentInfoService$UndertowThreadSetupAction.lambda$create$0(UndertowDeploymentInfoService.java:1514)
	at org.wildfly.extension.undertow.deployment.UndertowDeploymentInfoService$UndertowThreadSetupAction.lambda$create$0(UndertowDeploymentInfoService.java:1514)
	at io.undertow.servlet.core.DeploymentManagerImpl.start(DeploymentManagerImpl.java:597)
	at org.wildfly.extension.undertow.deployment.UndertowDeploymentService.startContext(UndertowDeploymentService.java:97)
	at org.wildfly.extension.undertow.deployment.UndertowDeploymentService$1.run(UndertowDeploymentService.java:78)
	at java.util.concurrent.Executors$RunnableAdapter.call(Executors.java:511)
	at java.util.concurrent.FutureTask.run(FutureTask.java:266)
	at org.jboss.threads.ContextClassLoaderSavingRunnable.run(ContextClassLoaderSavingRunnable.java:35)
	at org.jboss.threads.EnhancedQueueExecutor.safeRun(EnhancedQueueExecutor.java:1985)
	at org.jboss.threads.EnhancedQueueExecutor$ThreadBody.doRunTask(EnhancedQueueExecutor.java:1487)
	at org.jboss.threads.EnhancedQueueExecutor$ThreadBody.run(EnhancedQueueExecutor.java:1378)
	at java.lang.Thread.run(Thread.java:748)
	at org.jboss.threads.JBossThread.run(JBossThread.java:485)
2019-11-01 11:07:52,601 ERROR (ServerService Thread Pool -- 105) PropertiesFactory:96 [getInstanceOfPatientChargesProperties] - hk.org.hkbh.cms.billingengine.patientcharges.factory.PropertiesFactory.getInstanceOfPatientChargesProperties() - 
java.lang.NumberFormatException: null
	at java.lang.Integer.parseInt(Integer.java:542)
	at java.lang.Integer.parseInt(Integer.java:615)
	at hk.org.hkbh.cms.billingengine.patientcharges.factory.builder.PatientChargesBundlesBuilder.build(PatientChargesBundlesBuilder.java:403)
	at hk.org.hkbh.cms.billingengine.patientcharges.factory.builder.PatientChargesBundlesBuilder.build(PatientChargesBundlesBuilder.java:1)
	at hk.org.hkbh.cms.billingengine.patientcharges.factory.PropertiesFactory.getInstanceOfPatientChargesProperties(PropertiesFactory.java:92)
	at hk.org.hkbh.cms.billingengine.patientcharges.thread.run.Initializer.init(Initializer.java:41)
	at hk.org.hkbh.cms.billingengine.patientcharges.thread.run.Initializer.<init>(Initializer.java:35)
	at hk.org.hkbh.cms.billingengine.web.system.impl.InitializerImpl.start(InitializerImpl.java:33)
	at hk.org.hkbh.cms.billingengine.web.system.impl.InitializerImpl.init(InitializerImpl.java:22)
	at javax.servlet.GenericServlet.init(GenericServlet.java:244)
	at io.undertow.servlet.core.LifecyleInterceptorInvocation.proceed(LifecyleInterceptorInvocation.java:117)
	at org.wildfly.extension.undertow.security.RunAsLifecycleInterceptor.init(RunAsLifecycleInterceptor.java:78)
	at io.undertow.servlet.core.LifecyleInterceptorInvocation.proceed(LifecyleInterceptorInvocation.java:103)
	at io.undertow.servlet.core.ManagedServlet$DefaultInstanceStrategy.start(ManagedServlet.java:300)
	at io.undertow.servlet.core.ManagedServlet.createServlet(ManagedServlet.java:140)
	at io.undertow.servlet.core.DeploymentManagerImpl$2.call(DeploymentManagerImpl.java:584)
	at io.undertow.servlet.core.DeploymentManagerImpl$2.call(DeploymentManagerImpl.java:555)
	at io.undertow.servlet.core.ServletRequestContextThreadSetupAction$1.call(ServletRequestContextThreadSetupAction.java:42)
	at io.undertow.servlet.core.ContextClassLoaderSetupAction$1.call(ContextClassLoaderSetupAction.java:43)
	at org.wildfly.extension.undertow.security.SecurityContextThreadSetupAction.lambda$create$0(SecurityContextThreadSetupAction.java:105)
	at org.wildfly.extension.undertow.deployment.UndertowDeploymentInfoService$UndertowThreadSetupAction.lambda$create$0(UndertowDeploymentInfoService.java:1514)
	at org.wildfly.extension.undertow.deployment.UndertowDeploymentInfoService$UndertowThreadSetupAction.lambda$create$0(UndertowDeploymentInfoService.java:1514)
	at org.wildfly.extension.undertow.deployment.UndertowDeploymentInfoService$UndertowThreadSetupAction.lambda$create$0(UndertowDeploymentInfoService.java:1514)
	at org.wildfly.extension.undertow.deployment.UndertowDeploymentInfoService$UndertowThreadSetupAction.lambda$create$0(UndertowDeploymentInfoService.java:1514)
	at io.undertow.servlet.core.DeploymentManagerImpl.start(DeploymentManagerImpl.java:597)
	at org.wildfly.extension.undertow.deployment.UndertowDeploymentService.startContext(UndertowDeploymentService.java:97)
	at org.wildfly.extension.undertow.deployment.UndertowDeploymentService$1.run(UndertowDeploymentService.java:78)
	at java.util.concurrent.Executors$RunnableAdapter.call(Executors.java:511)
	at java.util.concurrent.FutureTask.run(FutureTask.java:266)
	at org.jboss.threads.ContextClassLoaderSavingRunnable.run(ContextClassLoaderSavingRunnable.java:35)
	at org.jboss.threads.EnhancedQueueExecutor.safeRun(EnhancedQueueExecutor.java:1985)
	at org.jboss.threads.EnhancedQueueExecutor$ThreadBody.doRunTask(EnhancedQueueExecutor.java:1487)
	at org.jboss.threads.EnhancedQueueExecutor$ThreadBody.run(EnhancedQueueExecutor.java:1378)
	at java.lang.Thread.run(Thread.java:748)
	at org.jboss.threads.JBossThread.run(JBossThread.java:485)
2019-11-01 11:07:52,605 ERROR (ServerService Thread Pool -- 105) Initializer:77 [init] - hk.org.hkbh.cms.billingengine.patientcharges.thread.run.Initializer.init()
java.lang.NumberFormatException: null
	at java.lang.Integer.parseInt(Integer.java:542)
	at java.lang.Integer.parseInt(Integer.java:615)
	at hk.org.hkbh.cms.billingengine.patientcharges.factory.builder.PatientChargesBundlesBuilder.build(PatientChargesBundlesBuilder.java:403)
	at hk.org.hkbh.cms.billingengine.patientcharges.factory.builder.PatientChargesBundlesBuilder.build(PatientChargesBundlesBuilder.java:1)
	at hk.org.hkbh.cms.billingengine.patientcharges.factory.PropertiesFactory.getInstanceOfPatientChargesProperties(PropertiesFactory.java:92)
	at hk.org.hkbh.cms.billingengine.patientcharges.thread.run.Initializer.init(Initializer.java:41)
	at hk.org.hkbh.cms.billingengine.patientcharges.thread.run.Initializer.<init>(Initializer.java:35)
	at hk.org.hkbh.cms.billingengine.web.system.impl.InitializerImpl.start(InitializerImpl.java:33)
	at hk.org.hkbh.cms.billingengine.web.system.impl.InitializerImpl.init(InitializerImpl.java:22)
	at javax.servlet.GenericServlet.init(GenericServlet.java:244)
	at io.undertow.servlet.core.LifecyleInterceptorInvocation.proceed(LifecyleInterceptorInvocation.java:117)
	at org.wildfly.extension.undertow.security.RunAsLifecycleInterceptor.init(RunAsLifecycleInterceptor.java:78)
	at io.undertow.servlet.core.LifecyleInterceptorInvocation.proceed(LifecyleInterceptorInvocation.java:103)
	at io.undertow.servlet.core.ManagedServlet$DefaultInstanceStrategy.start(ManagedServlet.java:300)
	at io.undertow.servlet.core.ManagedServlet.createServlet(ManagedServlet.java:140)
	at io.undertow.servlet.core.DeploymentManagerImpl$2.call(DeploymentManagerImpl.java:584)
	at io.undertow.servlet.core.DeploymentManagerImpl$2.call(DeploymentManagerImpl.java:555)
	at io.undertow.servlet.core.ServletRequestContextThreadSetupAction$1.call(ServletRequestContextThreadSetupAction.java:42)
	at io.undertow.servlet.core.ContextClassLoaderSetupAction$1.call(ContextClassLoaderSetupAction.java:43)
	at org.wildfly.extension.undertow.security.SecurityContextThreadSetupAction.lambda$create$0(SecurityContextThreadSetupAction.java:105)
	at org.wildfly.extension.undertow.deployment.UndertowDeploymentInfoService$UndertowThreadSetupAction.lambda$create$0(UndertowDeploymentInfoService.java:1514)
	at org.wildfly.extension.undertow.deployment.UndertowDeploymentInfoService$UndertowThreadSetupAction.lambda$create$0(UndertowDeploymentInfoService.java:1514)
	at org.wildfly.extension.undertow.deployment.UndertowDeploymentInfoService$UndertowThreadSetupAction.lambda$create$0(UndertowDeploymentInfoService.java:1514)
	at org.wildfly.extension.undertow.deployment.UndertowDeploymentInfoService$UndertowThreadSetupAction.lambda$create$0(UndertowDeploymentInfoService.java:1514)
	at io.undertow.servlet.core.DeploymentManagerImpl.start(DeploymentManagerImpl.java:597)
	at org.wildfly.extension.undertow.deployment.UndertowDeploymentService.startContext(UndertowDeploymentService.java:97)
	at org.wildfly.extension.undertow.deployment.UndertowDeploymentService$1.run(UndertowDeploymentService.java:78)
	at java.util.concurrent.Executors$RunnableAdapter.call(Executors.java:511)
	at java.util.concurrent.FutureTask.run(FutureTask.java:266)
	at org.jboss.threads.ContextClassLoaderSavingRunnable.run(ContextClassLoaderSavingRunnable.java:35)
	at org.jboss.threads.EnhancedQueueExecutor.safeRun(EnhancedQueueExecutor.java:1985)
	at org.jboss.threads.EnhancedQueueExecutor$ThreadBody.doRunTask(EnhancedQueueExecutor.java:1487)
	at org.jboss.threads.EnhancedQueueExecutor$ThreadBody.run(EnhancedQueueExecutor.java:1378)
	at java.lang.Thread.run(Thread.java:748)
	at org.jboss.threads.JBossThread.run(JBossThread.java:485)
2019-11-01 11:09:12,349 WARN  (ServerService Thread Pool -- 132) deprecation:91 [resolveEntity] - HHH90000012: Recognized obsolete hibernate namespace http://hibernate.sourceforge.net/hibernate-configuration. Use namespace http://www.hibernate.org/dtd/hibernate-configuration instead.  Support for obsolete DTD/XSD namespaces may be removed at any time.
2019-11-01 11:09:39,631 WARN  (Thread-172) AddressPicker:-1 [?] - [LOCAL] [dev] [3.12.4] You configured your member address as host name. Please be aware of that your dns can be spoofed. Make sure that your dns configurations are correct.
2019-11-01 11:09:39,636 WARN  (Thread-172) AddressPicker:-1 [?] - [LOCAL] [dev] [3.12.4] You configured your member address as host name. Please be aware of that your dns can be spoofed. Make sure that your dns configurations are correct.
2019-11-01 11:09:39,856 WARN  (Thread-172) AddressPicker:-1 [?] - [LOCAL] [dev] [3.12.4] Could not find a matching address to start with! Picking one of non-loopback addresses.
2019-11-01 11:10:19,567 WARN  (ServerService Thread Pool -- 132) AutowiredAnnotationBeanPostProcessor:456 [lambda$buildAutowiringMetadata$2] - Autowired annotation should only be used on methods with parameters: private java.lang.String hk.org.hkbh.cms.billingengine.web.service.BilApiMgr.getClassName()
2019-11-01 11:10:19,577 WARN  (ServerService Thread Pool -- 132) AutowiredAnnotationBeanPostProcessor:456 [lambda$buildAutowiringMetadata$2] - Autowired annotation should only be used on methods with parameters: private java.lang.String hk.org.hkbh.cms.billingengine.web.service.BilWebServerMgr.getClassName()
2019-11-01 11:10:19,600 WARN  (ServerService Thread Pool -- 132) deprecation:91 [resolveEntity] - HHH90000012: Recognized obsolete hibernate namespace http://hibernate.sourceforge.net/hibernate-configuration. Use namespace http://www.hibernate.org/dtd/hibernate-configuration instead.  Support for obsolete DTD/XSD namespaces may be removed at any time.
2019-11-01 11:13:30,819 WARN  (ServerService Thread Pool -- 81) deprecation:91 [resolveEntity] - HHH90000012: Recognized obsolete hibernate namespace http://hibernate.sourceforge.net/hibernate-configuration. Use namespace http://www.hibernate.org/dtd/hibernate-configuration instead.  Support for obsolete DTD/XSD namespaces may be removed at any time.
2019-11-01 11:13:58,576 WARN  (Thread-158) AddressPicker:-1 [?] - [LOCAL] [dev] [3.12.4] You configured your member address as host name. Please be aware of that your dns can be spoofed. Make sure that your dns configurations are correct.
2019-11-01 11:13:58,578 WARN  (Thread-158) AddressPicker:-1 [?] - [LOCAL] [dev] [3.12.4] You configured your member address as host name. Please be aware of that your dns can be spoofed. Make sure that your dns configurations are correct.
2019-11-01 11:13:58,790 WARN  (Thread-158) AddressPicker:-1 [?] - [LOCAL] [dev] [3.12.4] Could not find a matching address to start with! Picking one of non-loopback addresses.
2019-11-01 11:14:38,917 WARN  (ServerService Thread Pool -- 81) AutowiredAnnotationBeanPostProcessor:456 [lambda$buildAutowiringMetadata$2] - Autowired annotation should only be used on methods with parameters: private java.lang.String hk.org.hkbh.cms.billingengine.web.service.BilApiMgr.getClassName()
2019-11-01 11:14:38,930 WARN  (ServerService Thread Pool -- 81) AutowiredAnnotationBeanPostProcessor:456 [lambda$buildAutowiringMetadata$2] - Autowired annotation should only be used on methods with parameters: private java.lang.String hk.org.hkbh.cms.billingengine.web.service.BilWebServerMgr.getClassName()
2019-11-01 11:14:38,957 WARN  (ServerService Thread Pool -- 81) deprecation:91 [resolveEntity] - HHH90000012: Recognized obsolete hibernate namespace http://hibernate.sourceforge.net/hibernate-configuration. Use namespace http://www.hibernate.org/dtd/hibernate-configuration instead.  Support for obsolete DTD/XSD namespaces may be removed at any time.
